2026-01-09 19:46:08,945 [INFO] ================================================================================
2026-01-09 19:46:08,945 [INFO] EXPERIMENT 2: Multi-Protocol Field Boundary Accuracy
2026-01-09 19:46:08,945 [INFO] ================================================================================
2026-01-09 19:46:08,945 [INFO] PCAPDataLoader initialized. Data directory: data
2026-01-09 19:46:08,945 [INFO] Focusing on 8 protocols (ICS priority)
2026-01-09 19:46:08,945 [INFO] 
================================================================================
2026-01-09 19:46:08,945 [INFO] Processing MODBUS
2026-01-09 19:46:08,946 [INFO] ================================================================================
2026-01-09 19:46:08,946 [WARNING] PCAP file not found: data/in-modbus-pcaps/libmodbus-bandwidth_server-rand_client.pcap
2026-01-09 19:46:08,946 [WARNING] Insufficient messages for modbus: 0
2026-01-09 19:46:08,946 [INFO] 
================================================================================
2026-01-09 19:46:08,946 [INFO] Processing DNP3
2026-01-09 19:46:08,946 [INFO] ================================================================================
2026-01-09 19:46:08,946 [WARNING] PCAP file not found: data/in-dnp3-pcaps/BinInf_dnp3_1000.pcap
2026-01-09 19:46:08,946 [WARNING] Insufficient messages for dnp3: 0
2026-01-09 19:46:08,946 [INFO] 
================================================================================
2026-01-09 19:46:08,946 [INFO] Processing S7COMM
2026-01-09 19:46:08,946 [INFO] ================================================================================
2026-01-09 19:46:08,946 [WARNING] PCAP file not found: data/in-s7comm-pcaps/s7comm.pcap
2026-01-09 19:46:08,946 [WARNING] Insufficient messages for s7comm: 0
2026-01-09 19:46:08,946 [INFO] 
================================================================================
2026-01-09 19:46:08,946 [INFO] Processing IEC104
2026-01-09 19:46:08,946 [INFO] ================================================================================
2026-01-09 19:46:08,946 [WARNING] PCAP file not found: data/in-iec104-pcaps/iec104.pcap
2026-01-09 19:46:08,946 [WARNING] Insufficient messages for iec104: 0
2026-01-09 19:46:08,946 [INFO] 
================================================================================
2026-01-09 19:46:08,946 [INFO] Processing DHCP
2026-01-09 19:46:08,946 [INFO] ================================================================================
2026-01-09 19:46:08,946 [WARNING] PCAP file not found: data/in-dhcp-pcaps/BinInf_dhcp_1000.pcap
2026-01-09 19:46:08,946 [WARNING] Insufficient messages for dhcp: 0
2026-01-09 19:46:08,947 [INFO] 
================================================================================
2026-01-09 19:46:08,947 [INFO] Processing DNS
2026-01-09 19:46:08,947 [INFO] ================================================================================
2026-01-09 19:46:08,947 [WARNING] PCAP file not found: data/in-dns-pcaps/SMIA_DNS_1000.pcap
2026-01-09 19:46:08,947 [WARNING] Insufficient messages for dns: 0
2026-01-09 19:46:08,947 [INFO] 
================================================================================
2026-01-09 19:46:08,947 [INFO] Processing SMB2
2026-01-09 19:46:08,947 [INFO] ================================================================================
2026-01-09 19:46:08,947 [WARNING] PCAP file not found: data/in-smb2-pcaps/samba.pcap
2026-01-09 19:46:08,947 [WARNING] Insufficient messages for smb2: 0
2026-01-09 19:46:08,947 [INFO] 
================================================================================
2026-01-09 19:46:08,947 [INFO] Processing LON
2026-01-09 19:46:08,947 [INFO] ================================================================================
2026-01-09 19:46:08,947 [WARNING] PCAP file not found: data/in-lon-pcaps/lon.pcap
2026-01-09 19:46:08,947 [WARNING] Insufficient messages for lon: 0
2026-01-09 19:46:08,947 [WARNING] No results to generate table
2026-01-09 19:46:08,947 [INFO] Detailed results saved to: ./experiments/exp2_complete/neupre_results/detailed_results.json
2026-01-09 19:46:37,464 [INFO] ================================================================================
2026-01-09 19:46:37,464 [INFO] EXPERIMENT 2: Multi-Protocol Field Boundary Accuracy
2026-01-09 19:46:37,464 [INFO] ================================================================================
2026-01-09 19:46:37,464 [INFO] PCAPDataLoader initialized. Data directory: data
2026-01-09 19:46:37,464 [INFO] Testing all 10 protocols
2026-01-09 19:46:37,464 [INFO] 
================================================================================
2026-01-09 19:46:37,464 [INFO] Processing MODBUS
2026-01-09 19:46:37,465 [INFO] ================================================================================
2026-01-09 19:46:37,465 [WARNING] PCAP file not found: data/in-modbus-pcaps/libmodbus-bandwidth_server-rand_client.pcap
2026-01-09 19:46:37,465 [WARNING] Insufficient messages for modbus: 0
2026-01-09 19:46:37,465 [INFO] 
================================================================================
2026-01-09 19:46:37,465 [INFO] Processing DNP3
2026-01-09 19:46:37,465 [INFO] ================================================================================
2026-01-09 19:46:37,465 [WARNING] PCAP file not found: data/in-dnp3-pcaps/BinInf_dnp3_1000.pcap
2026-01-09 19:46:37,465 [WARNING] Insufficient messages for dnp3: 0
2026-01-09 19:46:37,465 [INFO] 
================================================================================
2026-01-09 19:46:37,465 [INFO] Processing S7COMM
2026-01-09 19:46:37,465 [INFO] ================================================================================
2026-01-09 19:46:37,465 [WARNING] PCAP file not found: data/in-s7comm-pcaps/s7comm.pcap
2026-01-09 19:46:37,465 [WARNING] Insufficient messages for s7comm: 0
2026-01-09 19:46:37,465 [INFO] 
================================================================================
2026-01-09 19:46:37,465 [INFO] Processing IEC104
2026-01-09 19:46:37,465 [INFO] ================================================================================
2026-01-09 19:46:37,466 [WARNING] PCAP file not found: data/in-iec104-pcaps/iec104.pcap
2026-01-09 19:46:37,466 [WARNING] Insufficient messages for iec104: 0
2026-01-09 19:46:37,466 [INFO] 
================================================================================
2026-01-09 19:46:37,466 [INFO] Processing DHCP
2026-01-09 19:46:37,466 [INFO] ================================================================================
2026-01-09 19:46:37,466 [WARNING] PCAP file not found: data/in-dhcp-pcaps/BinInf_dhcp_1000.pcap
2026-01-09 19:46:37,466 [WARNING] Insufficient messages for dhcp: 0
2026-01-09 19:46:37,466 [INFO] 
================================================================================
2026-01-09 19:46:37,466 [INFO] Processing DNS
2026-01-09 19:46:37,466 [INFO] ================================================================================
2026-01-09 19:46:37,466 [WARNING] PCAP file not found: data/in-dns-pcaps/SMIA_DNS_1000.pcap
2026-01-09 19:46:37,466 [WARNING] Insufficient messages for dns: 0
2026-01-09 19:46:37,466 [INFO] 
================================================================================
2026-01-09 19:46:37,466 [INFO] Processing SMB
2026-01-09 19:46:37,466 [INFO] ================================================================================
2026-01-09 19:46:37,466 [WARNING] PCAP file not found: data/in-smb-pcaps/smb.pcap
2026-01-09 19:46:37,466 [WARNING] Insufficient messages for smb: 0
2026-01-09 19:46:37,466 [INFO] 
================================================================================
2026-01-09 19:46:37,466 [INFO] Processing SMB2
2026-01-09 19:46:37,466 [INFO] ================================================================================
2026-01-09 19:46:37,466 [WARNING] PCAP file not found: data/in-smb2-pcaps/samba.pcap
2026-01-09 19:46:37,466 [WARNING] Insufficient messages for smb2: 0
2026-01-09 19:46:37,467 [INFO] 
================================================================================
2026-01-09 19:46:37,467 [INFO] Processing RTP
2026-01-09 19:46:37,467 [INFO] ================================================================================
2026-01-09 19:46:37,467 [WARNING] PCAP file not found: data/in-rtp-pcaps/rtp.pcap
2026-01-09 19:46:37,467 [WARNING] Insufficient messages for rtp: 0
2026-01-09 19:46:37,467 [INFO] 
================================================================================
2026-01-09 19:46:37,467 [INFO] Processing LON
2026-01-09 19:46:37,467 [INFO] ================================================================================
2026-01-09 19:46:37,467 [WARNING] PCAP file not found: data/in-lon-pcaps/lon.pcap
2026-01-09 19:46:37,467 [WARNING] Insufficient messages for lon: 0
2026-01-09 19:46:37,467 [WARNING] No results to generate table
2026-01-09 19:46:37,468 [INFO] Detailed results saved to: ./experiments/exp2_complete/neupre_results/detailed_results.json
